[2026-02-06 20:58:58,981] 1025 httpx - INFO - HTTP Request: GET https://dagshub.com/api/v1/user "HTTP/1.1 200 OK"
[2026-02-06 20:58:58,986] 107 dagshub - INFO - Accessing as aadityasingh0897
[2026-02-06 20:58:59,878] 1025 httpx - INFO - HTTP Request: GET https://dagshub.com/api/v1/repos/aadityasingh0897/ML-Project-2-Network-Security "HTTP/1.1 200 OK"
[2026-02-06 20:59:00,703] 1025 httpx - INFO - HTTP Request: GET https://dagshub.com/api/v1/user "HTTP/1.1 200 OK"
[2026-02-06 20:59:00,706] 107 dagshub - INFO - Initialized MLflow to track repo "aadityasingh0897/ML-Project-2-Network-Security"
[2026-02-06 20:59:00,708] 107 dagshub - INFO - Repository aadityasingh0897/ML-Project-2-Network-Security initialized!
[2026-02-06 20:59:00,708] 17 root - INFO - Data Ingestion Started
[2026-02-06 20:59:00,708] 76 root - INFO - Starting data ingestion
[2026-02-06 20:59:05,100] 57 root - INFO - Perform train test split on the dataframe
[2026-02-06 20:59:05,100] 59 root - INFO - Exited split_data_as_train_test method of Data Igestion Class
[2026-02-06 20:59:05,101] 64 root - INFO - Exporting train and test file path
[2026-02-06 20:59:05,156] 69 root - INFO - Exported Train and Test data
[2026-02-06 20:59:05,157] 93 root - INFO - Data ingestion completed successfully
[2026-02-06 20:59:05,157] 20 root - INFO - Data Ingestion completed
[2026-02-06 20:59:05,157] 26 root - INFO - Data Validation Started
[2026-02-06 20:59:05,235] 35 root - INFO - Required number of columns: 31
[2026-02-06 20:59:05,235] 36 root - INFO - Data frame has columns: 31
[2026-02-06 20:59:05,235] 35 root - INFO - Required number of columns: 31
[2026-02-06 20:59:05,235] 36 root - INFO - Data frame has columns: 31
[2026-02-06 20:59:05,238] 52 root - INFO - Schema numerical columns: {'Request_URL', 'having_Sub_Domain', 'on_mouseover', 'Google_Index', 'Links_pointing_to_page', 'URL_Length', 'Favicon', 'RightClick', 'Links_in_tags', 'Prefix_Suffix', 'popUpWidnow', 'Result', 'Statistical_report', 'HTTPS_token', 'Redirect', 'Shortining_Service', 'URL_of_Anchor', 'Abnormal_URL', 'web_traffic', 'age_of_domain', 'Domain_registeration_length', 'Iframe', 'DNSRecord', 'having_At_Symbol', 'Submitting_to_email', 'port', 'Page_Rank', 'having_IP_Address', 'SSLfinal_State', 'SFH', 'double_slash_redirecting'}
[2026-02-06 20:59:05,238] 53 root - INFO - DataFrame numerical columns: {'Request_URL', 'having_Sub_Domain', 'on_mouseover', 'Google_Index', 'Links_pointing_to_page', 'URL_Length', 'Favicon', 'RightClick', 'Links_in_tags', 'Prefix_Suffix', 'popUpWidnow', 'Result', 'Statistical_report', 'HTTPS_token', 'Redirect', 'Shortining_Service', 'URL_of_Anchor', 'Abnormal_URL', 'web_traffic', 'age_of_domain', 'Domain_registeration_length', 'Iframe', 'DNSRecord', 'having_At_Symbol', 'Submitting_to_email', 'port', 'Page_Rank', 'having_IP_Address', 'SSLfinal_State', 'SFH', 'double_slash_redirecting'}
[2026-02-06 20:59:05,238] 52 root - INFO - Schema numerical columns: {'Request_URL', 'having_Sub_Domain', 'on_mouseover', 'Google_Index', 'Links_pointing_to_page', 'URL_Length', 'Favicon', 'RightClick', 'Links_in_tags', 'Prefix_Suffix', 'popUpWidnow', 'Result', 'Statistical_report', 'HTTPS_token', 'Redirect', 'Shortining_Service', 'URL_of_Anchor', 'Abnormal_URL', 'web_traffic', 'age_of_domain', 'Domain_registeration_length', 'Iframe', 'DNSRecord', 'having_At_Symbol', 'Submitting_to_email', 'port', 'Page_Rank', 'having_IP_Address', 'SSLfinal_State', 'SFH', 'double_slash_redirecting'}
[2026-02-06 20:59:05,238] 53 root - INFO - DataFrame numerical columns: {'Request_URL', 'having_Sub_Domain', 'on_mouseover', 'Google_Index', 'Links_pointing_to_page', 'URL_Length', 'Favicon', 'RightClick', 'Links_in_tags', 'Prefix_Suffix', 'popUpWidnow', 'Result', 'Statistical_report', 'HTTPS_token', 'Redirect', 'Shortining_Service', 'URL_of_Anchor', 'Abnormal_URL', 'web_traffic', 'age_of_domain', 'Domain_registeration_length', 'Iframe', 'DNSRecord', 'having_At_Symbol', 'Submitting_to_email', 'port', 'Page_Rank', 'having_IP_Address', 'SSLfinal_State', 'SFH', 'double_slash_redirecting'}
[2026-02-06 20:59:05,364] 34 root - INFO - Data Validation completed
[2026-02-06 20:59:05,364] 39 root - INFO - Data Transformation Started
[2026-02-06 20:59:05,364] 48 root - INFO - Starting data transformation
[2026-02-06 20:59:05,427] 39 root - INFO - Creating data transformer object
[2026-02-06 20:59:05,439] 43 root - INFO - Entered the save_object method of Main Utils class
[2026-02-06 20:59:05,442] 47 root - INFO - Existed the dav_object method of Main Utils class
[2026-02-06 20:59:05,442] 43 root - INFO - Entered the save_object method of Main Utils class
[2026-02-06 20:59:05,445] 47 root - INFO - Existed the dav_object method of Main Utils class
[2026-02-06 20:59:05,445] 105 root - INFO - Data transformation completed successfully
[2026-02-06 20:59:05,446] 42 root - INFO - Data Transformation completed
[2026-02-06 20:59:05,446] 46 root - INFO - Model Trainer Started
[2026-02-06 21:03:18,583] 53 root - INFO - Entered the load_object method of Main Utils class
[2026-02-06 21:03:18,594] 56 root - INFO - Exited the load_object method of Main Utils class
[2026-02-06 21:03:18,595] 43 root - INFO - Entered the save_object method of Main Utils class
[2026-02-06 21:03:18,602] 47 root - INFO - Existed the dav_object method of Main Utils class
[2026-02-06 21:03:18,602] 43 root - INFO - Entered the save_object method of Main Utils class
[2026-02-06 21:03:18,607] 47 root - INFO - Existed the dav_object method of Main Utils class
[2026-02-06 21:03:18,607] 103 root - INFO - Model trainer artifact: ModelTrainerArtifact(trained_model_file_path='Artifacts\\02_06_2026_20_58_47\\model_trainer\\trained_model\\model.pkl', train_metric_artifact=ClassificationMetricArtifact(f1_score=0.9913958902722948, accuracy_score=0.9903889642695612, precision_score=0.9892929292929293, recall_score=0.9935078109149929), test_metric_artifact=ClassificationMetricArtifact(f1_score=0.9740680713128039, accuracy_score=0.9710538218000905, precision_score=0.9693548387096774, recall_score=0.9788273615635179))
[2026-02-06 21:03:18,608] 132 root - INFO - Model trainer artifact: ModelTrainerArtifact(trained_model_file_path='Artifacts\\02_06_2026_20_58_47\\model_trainer\\trained_model\\model.pkl', train_metric_artifact=ClassificationMetricArtifact(f1_score=0.9913958902722948, accuracy_score=0.9903889642695612, precision_score=0.9892929292929293, recall_score=0.9935078109149929), test_metric_artifact=ClassificationMetricArtifact(f1_score=0.9740680713128039, accuracy_score=0.9710538218000905, precision_score=0.9693548387096774, recall_score=0.9788273615635179))
[2026-02-06 21:03:18,608] 50 root - INFO - Model Trainer completed
