[2026-02-03 06:58:25,413] 16 root - INFO - Data Ingestion Started
[2026-02-03 06:58:25,413] 74 root - INFO - Starting data ingestion
[2026-02-03 06:58:26,947] 55 root - INFO - Perform train test split on the dataframe
[2026-02-03 06:58:26,947] 57 root - INFO - Exited split_data_as_train_test method of Data Igestion Class
[2026-02-03 06:58:26,948] 62 root - INFO - Exporting train and test file path
[2026-02-03 06:58:27,017] 67 root - INFO - Exported Train and Test data
[2026-02-03 06:58:27,018] 91 root - INFO - Data ingestion completed successfully
[2026-02-03 06:58:27,020] 19 root - INFO - Data Ingestion completed
[2026-02-03 06:58:27,027] 25 root - INFO - Data Validation Started
[2026-02-03 06:58:27,101] 35 root - INFO - Required number of columns: 31
[2026-02-03 06:58:27,101] 36 root - INFO - Data frame has columns: 32
[2026-02-03 06:58:27,101] 35 root - INFO - Required number of columns: 31
[2026-02-03 06:58:27,101] 36 root - INFO - Data frame has columns: 32
[2026-02-03 06:58:27,102] 52 root - INFO - Schema numerical columns: {'Links_pointing_to_page', 'Page_Rank', 'Shortining_Service', 'Domain_registeration_length', 'HTTPS_token', 'popUpWidnow', 'Abnormal_URL', 'URL_Length', 'Result', 'Prefix_Suffix', 'port', 'SSLfinal_State', 'Request_URL', 'Iframe', 'Redirect', 'RightClick', 'DNSRecord', 'double_slash_redirecting', 'Submitting_to_email', 'Favicon', 'SFH', 'having_IP_Address', 'web_traffic', 'on_mouseover', 'having_Sub_Domain', 'age_of_domain', 'Google_Index', 'URL_of_Anchor', 'Links_in_tags', 'having_At_Symbol', 'Statistical_report'}
[2026-02-03 06:58:27,102] 53 root - INFO - DataFrame numerical columns: {'Links_pointing_to_page', 'Page_Rank', 'Shortining_Service', 'Domain_registeration_length', 'HTTPS_token', 'popUpWidnow', 'Abnormal_URL', 'URL_Length', 'Result', 'Prefix_Suffix', 'port', 'SSLfinal_State', 'Request_URL', 'Iframe', 'Redirect', 'RightClick', 'DNSRecord', 'double_slash_redirecting', 'Submitting_to_email', 'Favicon', 'SFH', 'having_IP_Address', 'web_traffic', 'on_mouseover', 'having_Sub_Domain', 'age_of_domain', 'Google_Index', 'URL_of_Anchor', 'Links_in_tags', 'having_At_Symbol', 'Statistical_report'}
[2026-02-03 06:58:27,103] 52 root - INFO - Schema numerical columns: {'Links_pointing_to_page', 'Page_Rank', 'Shortining_Service', 'Domain_registeration_length', 'HTTPS_token', 'popUpWidnow', 'Abnormal_URL', 'URL_Length', 'Result', 'Prefix_Suffix', 'port', 'SSLfinal_State', 'Request_URL', 'Iframe', 'Redirect', 'RightClick', 'DNSRecord', 'double_slash_redirecting', 'Submitting_to_email', 'Favicon', 'SFH', 'having_IP_Address', 'web_traffic', 'on_mouseover', 'having_Sub_Domain', 'age_of_domain', 'Google_Index', 'URL_of_Anchor', 'Links_in_tags', 'having_At_Symbol', 'Statistical_report'}
[2026-02-03 06:58:27,103] 53 root - INFO - DataFrame numerical columns: {'Links_pointing_to_page', 'Page_Rank', 'Shortining_Service', 'Domain_registeration_length', 'HTTPS_token', 'popUpWidnow', 'Abnormal_URL', 'URL_Length', 'Result', 'Prefix_Suffix', 'port', 'SSLfinal_State', 'Request_URL', 'Iframe', 'Redirect', 'RightClick', 'DNSRecord', 'double_slash_redirecting', 'Submitting_to_email', 'Favicon', 'SFH', 'having_IP_Address', 'web_traffic', 'on_mouseover', 'having_Sub_Domain', 'age_of_domain', 'Google_Index', 'URL_of_Anchor', 'Links_in_tags', 'having_At_Symbol', 'Statistical_report'}
[2026-02-03 06:58:27,246] 33 root - INFO - Data Validation completed
[2026-02-03 06:58:27,246] 38 root - INFO - Data Transformation Started
[2026-02-03 06:58:27,246] 48 root - INFO - Starting data transformation
