[2026-02-03 07:04:54,031] 16 root - INFO - Data Ingestion Started
[2026-02-03 07:04:54,031] 76 root - INFO - Starting data ingestion
[2026-02-03 07:04:55,451] 57 root - INFO - Perform train test split on the dataframe
[2026-02-03 07:04:55,451] 59 root - INFO - Exited split_data_as_train_test method of Data Igestion Class
[2026-02-03 07:04:55,451] 64 root - INFO - Exporting train and test file path
[2026-02-03 07:04:55,508] 69 root - INFO - Exported Train and Test data
[2026-02-03 07:04:55,508] 93 root - INFO - Data ingestion completed successfully
[2026-02-03 07:04:55,508] 19 root - INFO - Data Ingestion completed
[2026-02-03 07:04:55,509] 25 root - INFO - Data Validation Started
[2026-02-03 07:04:55,578] 35 root - INFO - Required number of columns: 31
[2026-02-03 07:04:55,579] 36 root - INFO - Data frame has columns: 31
[2026-02-03 07:04:55,579] 35 root - INFO - Required number of columns: 31
[2026-02-03 07:04:55,579] 36 root - INFO - Data frame has columns: 31
[2026-02-03 07:04:55,580] 52 root - INFO - Schema numerical columns: {'SFH', 'double_slash_redirecting', 'RightClick', 'HTTPS_token', 'Domain_registeration_length', 'Google_Index', 'Page_Rank', 'Submitting_to_email', 'Result', 'Statistical_report', 'having_IP_Address', 'popUpWidnow', 'URL_Length', 'Shortining_Service', 'Links_pointing_to_page', 'Favicon', 'URL_of_Anchor', 'Links_in_tags', 'on_mouseover', 'DNSRecord', 'having_At_Symbol', 'SSLfinal_State', 'Redirect', 'Abnormal_URL', 'age_of_domain', 'port', 'Request_URL', 'web_traffic', 'having_Sub_Domain', 'Prefix_Suffix', 'Iframe'}
[2026-02-03 07:04:55,580] 53 root - INFO - DataFrame numerical columns: {'SFH', 'double_slash_redirecting', 'RightClick', 'HTTPS_token', 'Domain_registeration_length', 'Google_Index', 'Page_Rank', 'Submitting_to_email', 'Result', 'Statistical_report', 'having_IP_Address', 'popUpWidnow', 'URL_Length', 'Shortining_Service', 'Links_pointing_to_page', 'Favicon', 'URL_of_Anchor', 'Links_in_tags', 'on_mouseover', 'DNSRecord', 'having_At_Symbol', 'SSLfinal_State', 'Redirect', 'Abnormal_URL', 'age_of_domain', 'port', 'Request_URL', 'web_traffic', 'having_Sub_Domain', 'Prefix_Suffix', 'Iframe'}
[2026-02-03 07:04:55,580] 52 root - INFO - Schema numerical columns: {'SFH', 'double_slash_redirecting', 'RightClick', 'HTTPS_token', 'Domain_registeration_length', 'Google_Index', 'Page_Rank', 'Submitting_to_email', 'Result', 'Statistical_report', 'having_IP_Address', 'popUpWidnow', 'URL_Length', 'Shortining_Service', 'Links_pointing_to_page', 'Favicon', 'URL_of_Anchor', 'Links_in_tags', 'on_mouseover', 'DNSRecord', 'having_At_Symbol', 'SSLfinal_State', 'Redirect', 'Abnormal_URL', 'age_of_domain', 'port', 'Request_URL', 'web_traffic', 'having_Sub_Domain', 'Prefix_Suffix', 'Iframe'}
[2026-02-03 07:04:55,581] 53 root - INFO - DataFrame numerical columns: {'SFH', 'double_slash_redirecting', 'RightClick', 'HTTPS_token', 'Domain_registeration_length', 'Google_Index', 'Page_Rank', 'Submitting_to_email', 'Result', 'Statistical_report', 'having_IP_Address', 'popUpWidnow', 'URL_Length', 'Shortining_Service', 'Links_pointing_to_page', 'Favicon', 'URL_of_Anchor', 'Links_in_tags', 'on_mouseover', 'DNSRecord', 'having_At_Symbol', 'SSLfinal_State', 'Redirect', 'Abnormal_URL', 'age_of_domain', 'port', 'Request_URL', 'web_traffic', 'having_Sub_Domain', 'Prefix_Suffix', 'Iframe'}
[2026-02-03 07:04:55,689] 116 root - WARNING - Dataset drift detected. Proceeding with transformation because drift is being ignored.
[2026-02-03 07:04:55,751] 33 root - INFO - Data Validation completed
[2026-02-03 07:04:55,752] 38 root - INFO - Data Transformation Started
[2026-02-03 07:04:55,752] 48 root - INFO - Starting data transformation
[2026-02-03 07:04:55,816] 39 root - INFO - Creating data transformer object
[2026-02-03 07:04:55,830] 41 root - INFO - Entered the save_object method of Main Utils class
[2026-02-03 07:04:55,833] 45 root - INFO - Existed the dav_object method of Main Utils class
[2026-02-03 07:04:55,833] 103 root - INFO - Data transformation completed successfully
[2026-02-03 07:04:55,833] 41 root - INFO - Data Transformation completed
