[2026-02-05 05:54:22,494] 17 root - INFO - Data Ingestion Started
[2026-02-05 05:54:22,494] 76 root - INFO - Starting data ingestion
[2026-02-05 05:54:24,118] 57 root - INFO - Perform train test split on the dataframe
[2026-02-05 05:54:24,118] 59 root - INFO - Exited split_data_as_train_test method of Data Igestion Class
[2026-02-05 05:54:24,119] 64 root - INFO - Exporting train and test file path
[2026-02-05 05:54:24,178] 69 root - INFO - Exported Train and Test data
[2026-02-05 05:54:24,179] 93 root - INFO - Data ingestion completed successfully
[2026-02-05 05:54:24,179] 20 root - INFO - Data Ingestion completed
[2026-02-05 05:54:24,180] 26 root - INFO - Data Validation Started
[2026-02-05 05:54:24,272] 35 root - INFO - Required number of columns: 31
[2026-02-05 05:54:24,272] 36 root - INFO - Data frame has columns: 31
[2026-02-05 05:54:24,272] 35 root - INFO - Required number of columns: 31
[2026-02-05 05:54:24,272] 36 root - INFO - Data frame has columns: 31
[2026-02-05 05:54:24,274] 52 root - INFO - Schema numerical columns: {'Page_Rank', 'Prefix_Suffix', 'having_At_Symbol', 'SSLfinal_State', 'Domain_registeration_length', 'Links_pointing_to_page', 'Request_URL', 'Submitting_to_email', 'Google_Index', 'double_slash_redirecting', 'SFH', 'Iframe', 'popUpWidnow', 'having_IP_Address', 'web_traffic', 'RightClick', 'Result', 'URL_Length', 'on_mouseover', 'Favicon', 'DNSRecord', 'Statistical_report', 'Redirect', 'Shortining_Service', 'having_Sub_Domain', 'Links_in_tags', 'Abnormal_URL', 'HTTPS_token', 'port', 'URL_of_Anchor', 'age_of_domain'}
[2026-02-05 05:54:24,274] 53 root - INFO - DataFrame numerical columns: {'Page_Rank', 'Prefix_Suffix', 'having_At_Symbol', 'SSLfinal_State', 'Domain_registeration_length', 'Links_pointing_to_page', 'Request_URL', 'Submitting_to_email', 'Google_Index', 'double_slash_redirecting', 'SFH', 'Iframe', 'popUpWidnow', 'having_IP_Address', 'web_traffic', 'RightClick', 'Result', 'URL_Length', 'on_mouseover', 'Favicon', 'DNSRecord', 'Statistical_report', 'Redirect', 'Shortining_Service', 'having_Sub_Domain', 'Links_in_tags', 'Abnormal_URL', 'HTTPS_token', 'port', 'URL_of_Anchor', 'age_of_domain'}
[2026-02-05 05:54:24,274] 52 root - INFO - Schema numerical columns: {'Page_Rank', 'Prefix_Suffix', 'having_At_Symbol', 'SSLfinal_State', 'Domain_registeration_length', 'Links_pointing_to_page', 'Request_URL', 'Submitting_to_email', 'Google_Index', 'double_slash_redirecting', 'SFH', 'Iframe', 'popUpWidnow', 'having_IP_Address', 'web_traffic', 'RightClick', 'Result', 'URL_Length', 'on_mouseover', 'Favicon', 'DNSRecord', 'Statistical_report', 'Redirect', 'Shortining_Service', 'having_Sub_Domain', 'Links_in_tags', 'Abnormal_URL', 'HTTPS_token', 'port', 'URL_of_Anchor', 'age_of_domain'}
[2026-02-05 05:54:24,274] 53 root - INFO - DataFrame numerical columns: {'Page_Rank', 'Prefix_Suffix', 'having_At_Symbol', 'SSLfinal_State', 'Domain_registeration_length', 'Links_pointing_to_page', 'Request_URL', 'Submitting_to_email', 'Google_Index', 'double_slash_redirecting', 'SFH', 'Iframe', 'popUpWidnow', 'having_IP_Address', 'web_traffic', 'RightClick', 'Result', 'URL_Length', 'on_mouseover', 'Favicon', 'DNSRecord', 'Statistical_report', 'Redirect', 'Shortining_Service', 'having_Sub_Domain', 'Links_in_tags', 'Abnormal_URL', 'HTTPS_token', 'port', 'URL_of_Anchor', 'age_of_domain'}
[2026-02-05 05:54:24,425] 34 root - INFO - Data Validation completed
[2026-02-05 05:54:24,425] 39 root - INFO - Data Transformation Started
[2026-02-05 05:54:24,426] 48 root - INFO - Starting data transformation
[2026-02-05 05:54:24,498] 39 root - INFO - Creating data transformer object
[2026-02-05 05:54:24,514] 43 root - INFO - Entered the save_object method of Main Utils class
[2026-02-05 05:54:24,517] 47 root - INFO - Existed the dav_object method of Main Utils class
[2026-02-05 05:54:24,517] 103 root - INFO - Data transformation completed successfully
[2026-02-05 05:54:24,518] 42 root - INFO - Data Transformation completed
[2026-02-05 05:54:24,519] 46 root - INFO - Model Trainer Started
[2026-02-05 05:58:16,160] 53 root - INFO - Entered the load_object method of Main Utils class
[2026-02-05 05:58:16,169] 56 root - INFO - Exited the load_object method of Main Utils class
[2026-02-05 05:58:16,170] 43 root - INFO - Entered the save_object method of Main Utils class
[2026-02-05 05:58:16,237] 47 root - INFO - Existed the dav_object method of Main Utils class
[2026-02-05 05:58:16,237] 98 root - INFO - Model trainer artifact: ModelTrainerArtifact(trained_model_file_path='Artifacts\\02_05_2026_05_54_18\\model_trainer\\trained_model\\model.pkl', train_metric_artifact=ClassificationMetricArtifact(f1_score=0.9911360163015792, accuracy_score=0.9901628222523745, precision_score=0.987012987012987, recall_score=0.9952936361776141), test_metric_artifact=ClassificationMetricArtifact(f1_score=0.9753810082063306, accuracy_score=0.9715061058344641, precision_score=0.9681923972071373, recall_score=0.9826771653543307))
[2026-02-05 05:58:16,240] 127 root - INFO - Model trainer artifact: ModelTrainerArtifact(trained_model_file_path='Artifacts\\02_05_2026_05_54_18\\model_trainer\\trained_model\\model.pkl', train_metric_artifact=ClassificationMetricArtifact(f1_score=0.9911360163015792, accuracy_score=0.9901628222523745, precision_score=0.987012987012987, recall_score=0.9952936361776141), test_metric_artifact=ClassificationMetricArtifact(f1_score=0.9753810082063306, accuracy_score=0.9715061058344641, precision_score=0.9681923972071373, recall_score=0.9826771653543307))
[2026-02-05 05:58:16,240] 50 root - INFO - Model Trainer completed
