[2026-02-04 21:46:52,749] 17 root - INFO - Data Ingestion Started
[2026-02-04 21:46:52,749] 76 root - INFO - Starting data ingestion
[2026-02-04 21:47:23,664] 57 root - INFO - Perform train test split on the dataframe
[2026-02-04 21:47:23,664] 59 root - INFO - Exited split_data_as_train_test method of Data Igestion Class
[2026-02-04 21:47:23,664] 64 root - INFO - Exporting train and test file path
[2026-02-04 21:47:23,726] 69 root - INFO - Exported Train and Test data
[2026-02-04 21:47:23,726] 93 root - INFO - Data ingestion completed successfully
[2026-02-04 21:47:23,727] 20 root - INFO - Data Ingestion completed
[2026-02-04 21:47:23,727] 26 root - INFO - Data Validation Started
[2026-02-04 21:47:23,796] 35 root - INFO - Required number of columns: 31
[2026-02-04 21:47:23,796] 36 root - INFO - Data frame has columns: 31
[2026-02-04 21:47:23,796] 35 root - INFO - Required number of columns: 31
[2026-02-04 21:47:23,796] 36 root - INFO - Data frame has columns: 31
[2026-02-04 21:47:23,797] 52 root - INFO - Schema numerical columns: {'Prefix_Suffix', 'double_slash_redirecting', 'Submitting_to_email', 'Page_Rank', 'Domain_registeration_length', 'URL_of_Anchor', 'Favicon', 'Google_Index', 'DNSRecord', 'Request_URL', 'Statistical_report', 'Abnormal_URL', 'Iframe', 'having_At_Symbol', 'RightClick', 'Links_in_tags', 'web_traffic', 'URL_Length', 'having_IP_Address', 'popUpWidnow', 'Shortining_Service', 'on_mouseover', 'SFH', 'having_Sub_Domain', 'age_of_domain', 'Result', 'Redirect', 'SSLfinal_State', 'port', 'Links_pointing_to_page', 'HTTPS_token'}
[2026-02-04 21:47:23,797] 53 root - INFO - DataFrame numerical columns: {'Prefix_Suffix', 'double_slash_redirecting', 'Submitting_to_email', 'Page_Rank', 'Domain_registeration_length', 'URL_of_Anchor', 'Favicon', 'Google_Index', 'DNSRecord', 'Request_URL', 'Statistical_report', 'Abnormal_URL', 'Iframe', 'having_At_Symbol', 'RightClick', 'Links_in_tags', 'web_traffic', 'URL_Length', 'having_IP_Address', 'popUpWidnow', 'Shortining_Service', 'on_mouseover', 'SFH', 'having_Sub_Domain', 'age_of_domain', 'Result', 'Redirect', 'SSLfinal_State', 'port', 'Links_pointing_to_page', 'HTTPS_token'}
[2026-02-04 21:47:23,797] 52 root - INFO - Schema numerical columns: {'Prefix_Suffix', 'double_slash_redirecting', 'Submitting_to_email', 'Page_Rank', 'Domain_registeration_length', 'URL_of_Anchor', 'Favicon', 'Google_Index', 'DNSRecord', 'Request_URL', 'Statistical_report', 'Abnormal_URL', 'Iframe', 'having_At_Symbol', 'RightClick', 'Links_in_tags', 'web_traffic', 'URL_Length', 'having_IP_Address', 'popUpWidnow', 'Shortining_Service', 'on_mouseover', 'SFH', 'having_Sub_Domain', 'age_of_domain', 'Result', 'Redirect', 'SSLfinal_State', 'port', 'Links_pointing_to_page', 'HTTPS_token'}
[2026-02-04 21:47:23,797] 53 root - INFO - DataFrame numerical columns: {'Prefix_Suffix', 'double_slash_redirecting', 'Submitting_to_email', 'Page_Rank', 'Domain_registeration_length', 'URL_of_Anchor', 'Favicon', 'Google_Index', 'DNSRecord', 'Request_URL', 'Statistical_report', 'Abnormal_URL', 'Iframe', 'having_At_Symbol', 'RightClick', 'Links_in_tags', 'web_traffic', 'URL_Length', 'having_IP_Address', 'popUpWidnow', 'Shortining_Service', 'on_mouseover', 'SFH', 'having_Sub_Domain', 'age_of_domain', 'Result', 'Redirect', 'SSLfinal_State', 'port', 'Links_pointing_to_page', 'HTTPS_token'}
[2026-02-04 21:47:23,938] 34 root - INFO - Data Validation completed
[2026-02-04 21:47:23,938] 39 root - INFO - Data Transformation Started
[2026-02-04 21:47:23,938] 48 root - INFO - Starting data transformation
[2026-02-04 21:47:23,994] 39 root - INFO - Creating data transformer object
[2026-02-04 21:47:24,006] 43 root - INFO - Entered the save_object method of Main Utils class
[2026-02-04 21:47:24,009] 47 root - INFO - Existed the dav_object method of Main Utils class
[2026-02-04 21:47:24,009] 103 root - INFO - Data transformation completed successfully
[2026-02-04 21:47:24,010] 42 root - INFO - Data Transformation completed
[2026-02-04 21:47:24,010] 46 root - INFO - Model Trainer Started
[2026-02-04 21:50:49,723] 53 root - INFO - Entered the load_object method of Main Utils class
[2026-02-04 21:50:49,735] 56 root - INFO - Exited the load_object method of Main Utils class
[2026-02-04 21:50:49,736] 43 root - INFO - Entered the save_object method of Main Utils class
[2026-02-04 21:50:49,742] 47 root - INFO - Existed the dav_object method of Main Utils class
[2026-02-04 21:50:49,742] 85 root - INFO - Model trainer artifact: ModelTrainerArtifact(trained_model_file_path='Artifacts\\02_04_2026_21_46_46\\model_trainer\\trained_model\\model.pkl', train_metric_artifact=ClassificationMetricArtifact(f1_score=0.9909598781107161, accuracy_score=0.9899366802351877, precision_score=0.9896530736457699, recall_score=0.9922701383238405), test_metric_artifact=ClassificationMetricArtifact(f1_score=0.9750201450443191, accuracy_score=0.9719583898688376, precision_score=0.9750201450443191, recall_score=0.9750201450443191))
[2026-02-04 21:50:49,743] 114 root - INFO - Model trainer artifact: ModelTrainerArtifact(trained_model_file_path='Artifacts\\02_04_2026_21_46_46\\model_trainer\\trained_model\\model.pkl', train_metric_artifact=ClassificationMetricArtifact(f1_score=0.9909598781107161, accuracy_score=0.9899366802351877, precision_score=0.9896530736457699, recall_score=0.9922701383238405), test_metric_artifact=ClassificationMetricArtifact(f1_score=0.9750201450443191, accuracy_score=0.9719583898688376, precision_score=0.9750201450443191, recall_score=0.9750201450443191))
[2026-02-04 21:50:49,743] 50 root - INFO - Model Trainer completed
