[2026-02-05 06:29:02,638] 17 root - INFO - Data Ingestion Started
[2026-02-05 06:29:02,639] 76 root - INFO - Starting data ingestion
[2026-02-05 06:29:04,241] 57 root - INFO - Perform train test split on the dataframe
[2026-02-05 06:29:04,241] 59 root - INFO - Exited split_data_as_train_test method of Data Igestion Class
[2026-02-05 06:29:04,242] 64 root - INFO - Exporting train and test file path
[2026-02-05 06:29:04,299] 69 root - INFO - Exported Train and Test data
[2026-02-05 06:29:04,299] 93 root - INFO - Data ingestion completed successfully
[2026-02-05 06:29:04,299] 20 root - INFO - Data Ingestion completed
[2026-02-05 06:29:04,300] 26 root - INFO - Data Validation Started
[2026-02-05 06:29:04,374] 35 root - INFO - Required number of columns: 31
[2026-02-05 06:29:04,374] 36 root - INFO - Data frame has columns: 31
[2026-02-05 06:29:04,374] 35 root - INFO - Required number of columns: 31
[2026-02-05 06:29:04,374] 36 root - INFO - Data frame has columns: 31
[2026-02-05 06:29:04,375] 52 root - INFO - Schema numerical columns: {'Shortining_Service', 'Iframe', 'double_slash_redirecting', 'HTTPS_token', 'URL_of_Anchor', 'Domain_registeration_length', 'age_of_domain', 'Prefix_Suffix', 'Result', 'Abnormal_URL', 'popUpWidnow', 'Google_Index', 'Statistical_report', 'RightClick', 'having_IP_Address', 'URL_Length', 'Redirect', 'Page_Rank', 'on_mouseover', 'Links_in_tags', 'Favicon', 'SFH', 'port', 'having_At_Symbol', 'Links_pointing_to_page', 'Submitting_to_email', 'Request_URL', 'DNSRecord', 'web_traffic', 'having_Sub_Domain', 'SSLfinal_State'}
[2026-02-05 06:29:04,375] 53 root - INFO - DataFrame numerical columns: {'Shortining_Service', 'Iframe', 'double_slash_redirecting', 'HTTPS_token', 'URL_of_Anchor', 'Domain_registeration_length', 'age_of_domain', 'Prefix_Suffix', 'Result', 'Abnormal_URL', 'popUpWidnow', 'Google_Index', 'Statistical_report', 'RightClick', 'having_IP_Address', 'URL_Length', 'Redirect', 'Page_Rank', 'on_mouseover', 'Links_in_tags', 'Favicon', 'SFH', 'port', 'having_At_Symbol', 'Links_pointing_to_page', 'Submitting_to_email', 'Request_URL', 'DNSRecord', 'web_traffic', 'having_Sub_Domain', 'SSLfinal_State'}
[2026-02-05 06:29:04,376] 52 root - INFO - Schema numerical columns: {'Shortining_Service', 'Iframe', 'double_slash_redirecting', 'HTTPS_token', 'URL_of_Anchor', 'Domain_registeration_length', 'age_of_domain', 'Prefix_Suffix', 'Result', 'Abnormal_URL', 'popUpWidnow', 'Google_Index', 'Statistical_report', 'RightClick', 'having_IP_Address', 'URL_Length', 'Redirect', 'Page_Rank', 'on_mouseover', 'Links_in_tags', 'Favicon', 'SFH', 'port', 'having_At_Symbol', 'Links_pointing_to_page', 'Submitting_to_email', 'Request_URL', 'DNSRecord', 'web_traffic', 'having_Sub_Domain', 'SSLfinal_State'}
[2026-02-05 06:29:04,376] 53 root - INFO - DataFrame numerical columns: {'Shortining_Service', 'Iframe', 'double_slash_redirecting', 'HTTPS_token', 'URL_of_Anchor', 'Domain_registeration_length', 'age_of_domain', 'Prefix_Suffix', 'Result', 'Abnormal_URL', 'popUpWidnow', 'Google_Index', 'Statistical_report', 'RightClick', 'having_IP_Address', 'URL_Length', 'Redirect', 'Page_Rank', 'on_mouseover', 'Links_in_tags', 'Favicon', 'SFH', 'port', 'having_At_Symbol', 'Links_pointing_to_page', 'Submitting_to_email', 'Request_URL', 'DNSRecord', 'web_traffic', 'having_Sub_Domain', 'SSLfinal_State'}
[2026-02-05 06:29:04,474] 116 root - WARNING - Dataset drift detected. Proceeding with transformation because drift is being ignored.
[2026-02-05 06:29:04,529] 34 root - INFO - Data Validation completed
[2026-02-05 06:29:04,530] 39 root - INFO - Data Transformation Started
[2026-02-05 06:29:04,530] 48 root - INFO - Starting data transformation
[2026-02-05 06:29:04,589] 39 root - INFO - Creating data transformer object
[2026-02-05 06:29:04,601] 43 root - INFO - Entered the save_object method of Main Utils class
[2026-02-05 06:29:04,604] 47 root - INFO - Existed the dav_object method of Main Utils class
[2026-02-05 06:29:04,604] 103 root - INFO - Data transformation completed successfully
[2026-02-05 06:29:04,605] 42 root - INFO - Data Transformation completed
[2026-02-05 06:29:04,606] 46 root - INFO - Model Trainer Started
[2026-02-05 06:33:02,415] 53 root - INFO - Entered the load_object method of Main Utils class
[2026-02-05 06:33:02,425] 56 root - INFO - Exited the load_object method of Main Utils class
[2026-02-05 06:33:02,425] 43 root - INFO - Entered the save_object method of Main Utils class
[2026-02-05 06:33:02,448] 47 root - INFO - Existed the dav_object method of Main Utils class
[2026-02-05 06:33:02,448] 98 root - INFO - Model trainer artifact: ModelTrainerArtifact(trained_model_file_path='Artifacts\\02_05_2026_06_28_58\\model_trainer\\trained_model\\model.pkl', train_metric_artifact=ClassificationMetricArtifact(f1_score=0.9914841849148418, accuracy_score=0.9905020352781547, precision_score=0.9894779441521652, recall_score=0.9934985778138968), test_metric_artifact=ClassificationMetricArtifact(f1_score=0.9734299516908212, accuracy_score=0.9701492537313433, precision_score=0.9679743795036029, recall_score=0.9789473684210527))
[2026-02-05 06:33:02,451] 127 root - INFO - Model trainer artifact: ModelTrainerArtifact(trained_model_file_path='Artifacts\\02_05_2026_06_28_58\\model_trainer\\trained_model\\model.pkl', train_metric_artifact=ClassificationMetricArtifact(f1_score=0.9914841849148418, accuracy_score=0.9905020352781547, precision_score=0.9894779441521652, recall_score=0.9934985778138968), test_metric_artifact=ClassificationMetricArtifact(f1_score=0.9734299516908212, accuracy_score=0.9701492537313433, precision_score=0.9679743795036029, recall_score=0.9789473684210527))
[2026-02-05 06:33:02,451] 50 root - INFO - Model Trainer completed
