[2026-02-04 21:40:00,663] 16 root - INFO - Data Ingestion Started
[2026-02-04 21:40:00,664] 76 root - INFO - Starting data ingestion
[2026-02-04 21:40:23,172] 57 root - INFO - Perform train test split on the dataframe
[2026-02-04 21:40:23,172] 59 root - INFO - Exited split_data_as_train_test method of Data Igestion Class
[2026-02-04 21:40:23,173] 64 root - INFO - Exporting train and test file path
[2026-02-04 21:40:23,230] 69 root - INFO - Exported Train and Test data
[2026-02-04 21:40:23,230] 93 root - INFO - Data ingestion completed successfully
[2026-02-04 21:40:23,230] 19 root - INFO - Data Ingestion completed
[2026-02-04 21:40:23,231] 25 root - INFO - Data Validation Started
[2026-02-04 21:40:23,312] 35 root - INFO - Required number of columns: 31
[2026-02-04 21:40:23,312] 36 root - INFO - Data frame has columns: 31
[2026-02-04 21:40:23,312] 35 root - INFO - Required number of columns: 31
[2026-02-04 21:40:23,312] 36 root - INFO - Data frame has columns: 31
[2026-02-04 21:40:23,314] 52 root - INFO - Schema numerical columns: {'having_IP_Address', 'DNSRecord', 'SSLfinal_State', 'Page_Rank', 'Result', 'Statistical_report', 'Domain_registeration_length', 'Redirect', 'Shortining_Service', 'Iframe', 'Request_URL', 'popUpWidnow', 'Abnormal_URL', 'URL_of_Anchor', 'having_Sub_Domain', 'Google_Index', 'double_slash_redirecting', 'age_of_domain', 'HTTPS_token', 'SFH', 'Favicon', 'Prefix_Suffix', 'RightClick', 'web_traffic', 'port', 'Links_pointing_to_page', 'having_At_Symbol', 'Submitting_to_email', 'Links_in_tags', 'on_mouseover', 'URL_Length'}
[2026-02-04 21:40:23,315] 53 root - INFO - DataFrame numerical columns: {'having_IP_Address', 'DNSRecord', 'SSLfinal_State', 'Page_Rank', 'Result', 'Statistical_report', 'Domain_registeration_length', 'Redirect', 'Shortining_Service', 'Iframe', 'Request_URL', 'popUpWidnow', 'Abnormal_URL', 'URL_of_Anchor', 'having_Sub_Domain', 'Google_Index', 'double_slash_redirecting', 'age_of_domain', 'HTTPS_token', 'SFH', 'Favicon', 'Prefix_Suffix', 'RightClick', 'web_traffic', 'port', 'Links_pointing_to_page', 'having_At_Symbol', 'Submitting_to_email', 'Links_in_tags', 'on_mouseover', 'URL_Length'}
[2026-02-04 21:40:23,315] 52 root - INFO - Schema numerical columns: {'having_IP_Address', 'DNSRecord', 'SSLfinal_State', 'Page_Rank', 'Result', 'Statistical_report', 'Domain_registeration_length', 'Redirect', 'Shortining_Service', 'Iframe', 'Request_URL', 'popUpWidnow', 'Abnormal_URL', 'URL_of_Anchor', 'having_Sub_Domain', 'Google_Index', 'double_slash_redirecting', 'age_of_domain', 'HTTPS_token', 'SFH', 'Favicon', 'Prefix_Suffix', 'RightClick', 'web_traffic', 'port', 'Links_pointing_to_page', 'having_At_Symbol', 'Submitting_to_email', 'Links_in_tags', 'on_mouseover', 'URL_Length'}
[2026-02-04 21:40:23,315] 53 root - INFO - DataFrame numerical columns: {'having_IP_Address', 'DNSRecord', 'SSLfinal_State', 'Page_Rank', 'Result', 'Statistical_report', 'Domain_registeration_length', 'Redirect', 'Shortining_Service', 'Iframe', 'Request_URL', 'popUpWidnow', 'Abnormal_URL', 'URL_of_Anchor', 'having_Sub_Domain', 'Google_Index', 'double_slash_redirecting', 'age_of_domain', 'HTTPS_token', 'SFH', 'Favicon', 'Prefix_Suffix', 'RightClick', 'web_traffic', 'port', 'Links_pointing_to_page', 'having_At_Symbol', 'Submitting_to_email', 'Links_in_tags', 'on_mouseover', 'URL_Length'}
[2026-02-04 21:40:23,460] 33 root - INFO - Data Validation completed
[2026-02-04 21:40:23,460] 38 root - INFO - Data Transformation Started
[2026-02-04 21:40:23,461] 48 root - INFO - Starting data transformation
[2026-02-04 21:40:23,523] 39 root - INFO - Creating data transformer object
[2026-02-04 21:40:23,539] 43 root - INFO - Entered the save_object method of Main Utils class
[2026-02-04 21:40:23,542] 47 root - INFO - Existed the dav_object method of Main Utils class
[2026-02-04 21:40:23,542] 103 root - INFO - Data transformation completed successfully
[2026-02-04 21:40:23,543] 41 root - INFO - Data Transformation completed
