[2026-02-07 10:24:45,071] 1025 httpx - INFO - HTTP Request: GET https://dagshub.com/api/v1/user "HTTP/1.1 200 OK"
[2026-02-07 10:24:45,077] 107 dagshub - INFO - Accessing as aadityasingh0897
[2026-02-07 10:24:45,918] 1025 httpx - INFO - HTTP Request: GET https://dagshub.com/api/v1/repos/aadityasingh0897/ML-Project-2-Network-Security "HTTP/1.1 200 OK"
[2026-02-07 10:24:46,725] 1025 httpx - INFO - HTTP Request: GET https://dagshub.com/api/v1/user "HTTP/1.1 200 OK"
[2026-02-07 10:24:46,727] 107 dagshub - INFO - Initialized MLflow to track repo "aadityasingh0897/ML-Project-2-Network-Security"
[2026-02-07 10:24:46,728] 107 dagshub - INFO - Repository aadityasingh0897/ML-Project-2-Network-Security initialized!
[2026-02-07 10:25:14,174] 22 root - INFO - Start Data Ingestion
[2026-02-07 10:25:14,174] 76 root - INFO - Starting data ingestion
[2026-02-07 10:25:15,787] 57 root - INFO - Perform train test split on the dataframe
[2026-02-07 10:25:15,788] 59 root - INFO - Exited split_data_as_train_test method of Data Igestion Class
[2026-02-07 10:25:15,788] 64 root - INFO - Exporting train and test file path
[2026-02-07 10:25:15,850] 69 root - INFO - Exported Train and Test data
[2026-02-07 10:25:15,850] 93 root - INFO - Data ingestion completed successfully
[2026-02-07 10:25:15,851] 25 root - INFO - Data Ingestion artifact: DataIngestionArtifact(trained_file_path='Artifacts\\02_07_2026_10_24_41\\data_ingestion\\ingested\\train.csv', test_file_path='Artifacts\\02_07_2026_10_24_41\\data_ingestion\\ingested\\test.csv')
[2026-02-07 10:25:15,852] 33 root - INFO - Data Validation Started
[2026-02-07 10:25:15,944] 35 root - INFO - Required number of columns: 31
[2026-02-07 10:25:15,944] 36 root - INFO - Data frame has columns: 31
[2026-02-07 10:25:15,944] 35 root - INFO - Required number of columns: 31
[2026-02-07 10:25:15,944] 36 root - INFO - Data frame has columns: 31
[2026-02-07 10:25:15,947] 52 root - INFO - Schema numerical columns: {'URL_of_Anchor', 'Page_Rank', 'on_mouseover', 'age_of_domain', 'Result', 'Redirect', 'port', 'having_IP_Address', 'web_traffic', 'Links_pointing_to_page', 'Request_URL', 'URL_Length', 'Favicon', 'having_At_Symbol', 'double_slash_redirecting', 'Abnormal_URL', 'Domain_registeration_length', 'Google_Index', 'SSLfinal_State', 'RightClick', 'Statistical_report', 'having_Sub_Domain', 'Links_in_tags', 'SFH', 'DNSRecord', 'Shortining_Service', 'HTTPS_token', 'Iframe', 'Prefix_Suffix', 'Submitting_to_email', 'popUpWidnow'}
[2026-02-07 10:25:15,947] 53 root - INFO - DataFrame numerical columns: {'URL_of_Anchor', 'Page_Rank', 'on_mouseover', 'age_of_domain', 'Result', 'Redirect', 'port', 'having_IP_Address', 'web_traffic', 'Links_pointing_to_page', 'Request_URL', 'URL_Length', 'Favicon', 'having_At_Symbol', 'double_slash_redirecting', 'Abnormal_URL', 'Domain_registeration_length', 'Google_Index', 'SSLfinal_State', 'RightClick', 'Statistical_report', 'having_Sub_Domain', 'Links_in_tags', 'SFH', 'DNSRecord', 'Shortining_Service', 'HTTPS_token', 'Iframe', 'Prefix_Suffix', 'Submitting_to_email', 'popUpWidnow'}
[2026-02-07 10:25:15,947] 52 root - INFO - Schema numerical columns: {'URL_of_Anchor', 'Page_Rank', 'on_mouseover', 'age_of_domain', 'Result', 'Redirect', 'port', 'having_IP_Address', 'web_traffic', 'Links_pointing_to_page', 'Request_URL', 'URL_Length', 'Favicon', 'having_At_Symbol', 'double_slash_redirecting', 'Abnormal_URL', 'Domain_registeration_length', 'Google_Index', 'SSLfinal_State', 'RightClick', 'Statistical_report', 'having_Sub_Domain', 'Links_in_tags', 'SFH', 'DNSRecord', 'Shortining_Service', 'HTTPS_token', 'Iframe', 'Prefix_Suffix', 'Submitting_to_email', 'popUpWidnow'}
[2026-02-07 10:25:15,947] 53 root - INFO - DataFrame numerical columns: {'URL_of_Anchor', 'Page_Rank', 'on_mouseover', 'age_of_domain', 'Result', 'Redirect', 'port', 'having_IP_Address', 'web_traffic', 'Links_pointing_to_page', 'Request_URL', 'URL_Length', 'Favicon', 'having_At_Symbol', 'double_slash_redirecting', 'Abnormal_URL', 'Domain_registeration_length', 'Google_Index', 'SSLfinal_State', 'RightClick', 'Statistical_report', 'having_Sub_Domain', 'Links_in_tags', 'SFH', 'DNSRecord', 'Shortining_Service', 'HTTPS_token', 'Iframe', 'Prefix_Suffix', 'Submitting_to_email', 'popUpWidnow'}
[2026-02-07 10:25:16,105] 41 root - INFO - Data Validation completed: DataValidationArtifact(validation_status=True, valid_train_file_path='Artifacts\\02_07_2026_10_24_41\\data_validation\\validated\\train.csv', valid_test_file_path='Artifacts\\02_07_2026_10_24_41\\data_validation\\validated\\test.csv', invalid_train_file_path=None, invalid_test_file_path=None, drift_report_file_path='Artifacts\\02_07_2026_10_24_41\\data_validation\\drift_report\\report.yaml')
[2026-02-07 10:25:16,105] 49 root - INFO - Data Transformation Started
[2026-02-07 10:25:16,105] 48 root - INFO - Starting data transformation
[2026-02-07 10:25:16,170] 39 root - INFO - Creating data transformer object
[2026-02-07 10:25:16,182] 43 root - INFO - Entered the save_object method of Main Utils class
[2026-02-07 10:25:16,188] 47 root - INFO - Existed the dav_object method of Main Utils class
[2026-02-07 10:25:16,188] 43 root - INFO - Entered the save_object method of Main Utils class
[2026-02-07 10:25:16,192] 47 root - INFO - Existed the dav_object method of Main Utils class
[2026-02-07 10:25:16,192] 105 root - INFO - Data transformation completed successfully
[2026-02-07 10:25:16,193] 52 root - INFO - Data Transformation completed: DataTransformationArtifact(transformed_object_file_path='Artifacts\\02_07_2026_10_24_41\\data_transformation\\transformed_object\\preprocessing.pkl', transformed_train_file_path='Artifacts\\02_07_2026_10_24_41\\data_transformation\\transformed\\train.npy', transformed_test_file_path='Artifacts\\02_07_2026_10_24_41\\data_transformation\\transformed\\test.npy')
[2026-02-07 10:25:16,193] 59 root - INFO - Model Trainer Started
[2026-02-07 10:30:05,168] 53 root - INFO - Entered the load_object method of Main Utils class
[2026-02-07 10:30:05,182] 56 root - INFO - Exited the load_object method of Main Utils class
[2026-02-07 10:30:05,183] 43 root - INFO - Entered the save_object method of Main Utils class
[2026-02-07 10:30:05,232] 47 root - INFO - Existed the dav_object method of Main Utils class
[2026-02-07 10:30:05,232] 43 root - INFO - Entered the save_object method of Main Utils class
[2026-02-07 10:30:05,287] 47 root - INFO - Existed the dav_object method of Main Utils class
[2026-02-07 10:30:05,288] 103 root - INFO - Model trainer artifact: ModelTrainerArtifact(trained_model_file_path='Artifacts\\02_07_2026_10_24_41\\model_trainer\\trained_model\\model.pkl', train_metric_artifact=ClassificationMetricArtifact(f1_score=0.9913889170296829, accuracy_score=0.9903889642695612, precision_score=0.9898846854137163, recall_score=0.9928977272727273), test_metric_artifact=ClassificationMetricArtifact(f1_score=0.9717057396928052, accuracy_score=0.968340117593849, precision_score=0.9654618473895582, recall_score=0.9780309194467046))
[2026-02-07 10:30:05,292] 132 root - INFO - Model trainer artifact: ModelTrainerArtifact(trained_model_file_path='Artifacts\\02_07_2026_10_24_41\\model_trainer\\trained_model\\model.pkl', train_metric_artifact=ClassificationMetricArtifact(f1_score=0.9913889170296829, accuracy_score=0.9903889642695612, precision_score=0.9898846854137163, recall_score=0.9928977272727273), test_metric_artifact=ClassificationMetricArtifact(f1_score=0.9717057396928052, accuracy_score=0.968340117593849, precision_score=0.9654618473895582, recall_score=0.9780309194467046))
[2026-02-07 10:30:05,293] 63 root - INFO - Model Trainer completed: ModelTrainerArtifact(trained_model_file_path='Artifacts\\02_07_2026_10_24_41\\model_trainer\\trained_model\\model.pkl', train_metric_artifact=ClassificationMetricArtifact(f1_score=0.9913889170296829, accuracy_score=0.9903889642695612, precision_score=0.9898846854137163, recall_score=0.9928977272727273), test_metric_artifact=ClassificationMetricArtifact(f1_score=0.9717057396928052, accuracy_score=0.968340117593849, precision_score=0.9654618473895582, recall_score=0.9780309194467046))
